This is pdfTeX, Version 3.141592653-2.6-1.40.26 (TeX Live 2025/dev/Debian) (preloaded format=pdflatex)
 restricted \write18 enabled.
entering extended mode
(./main.tex
LaTeX2e <2024-11-01> patch level 2
L3 programming layer <2025-01-18>
(/usr/share/texlive/texmf-dist/tex/latex/base/article.cls
Document Class: article 2024/06/29 v1.4n Standard LaTeX document class
(/usr/share/texlive/texmf-dist/tex/latex/base/size11.clo))
(/usr/share/texlive/texmf-dist/tex/latex/geometry/geometry.sty
(/usr/share/texlive/texmf-dist/tex/latex/graphics/keyval.sty)
(/usr/share/texlive/texmf-dist/tex/generic/iftex/ifvtex.sty
(/usr/share/texlive/texmf-dist/tex/generic/iftex/iftex.sty)))
(/usr/share/texlive/texmf-dist/tex/latex/amsmath/amsmath.sty
For additional information on amsmath, use the `?' option.
(/usr/share/texlive/texmf-dist/tex/latex/amsmath/amstext.sty
(/usr/share/texlive/texmf-dist/tex/latex/amsmath/amsgen.sty))
(/usr/share/texlive/texmf-dist/tex/latex/amsmath/amsbsy.sty)
(/usr/share/texlive/texmf-dist/tex/latex/amsmath/amsopn.sty))
(/usr/share/texlive/texmf-dist/tex/latex/amsfonts/amssymb.sty
(/usr/share/texlive/texmf-dist/tex/latex/amsfonts/amsfonts.sty))
(/usr/share/texlive/texmf-dist/tex/latex/amscls/amsthm.sty)
(/usr/share/texlive/texmf-dist/tex/latex/mathtools/mathtools.sty
(/usr/share/texlive/texmf-dist/tex/latex/tools/calc.sty)
(/usr/share/texlive/texmf-dist/tex/latex/mathtools/mhsetup.sty))
(/usr/share/texlive/texmf-dist/tex/latex/tools/array.sty)
(/usr/share/texlive/texmf-dist/tex/latex/booktabs/booktabs.sty)
(/usr/share/texlive/texmf-dist/tex/latex/tools/longtable.sty)
(/usr/share/texlive/texmf-dist/tex/latex/tools/tabularx.sty)
(/usr/share/texlive/texmf-dist/tex/latex/enumitem/enumitem.sty)
(/usr/share/texlive/texmf-dist/tex/latex/xcolor/xcolor.sty
(/usr/share/texlive/texmf-dist/tex/latex/graphics-cfg/color.cfg)
(/usr/share/texlive/texmf-dist/tex/latex/graphics-def/pdftex.def)
(/usr/share/texlive/texmf-dist/tex/latex/graphics/mathcolor.ltx))
(/usr/share/texlive/texmf-dist/tex/latex/listings/listings.sty
(/usr/share/texlive/texmf-dist/tex/latex/listings/lstpatch.sty)
(/usr/share/texlive/texmf-dist/tex/latex/listings/lstmisc.sty)
(/usr/share/texlive/texmf-dist/tex/latex/listings/listings.cfg))
(/usr/share/texlive/texmf-dist/tex/latex/seqsplit/seqsplit.sty)
(/usr/share/texlive/texmf-dist/tex/latex/microtype/microtype.sty
(/usr/share/texlive/texmf-dist/tex/latex/etoolbox/etoolbox.sty)
(/usr/share/texlive/texmf-dist/tex/latex/microtype/microtype-pdftex.def)
(/usr/share/texlive/texmf-dist/tex/latex/microtype/microtype.cfg))
(/usr/share/texlive/texmf-dist/tex/latex/base/fontenc.sty)
(/usr/share/texmf/tex/latex/lm/lmodern.sty)
(/usr/share/texlive/texmf-dist/tex/latex/hyperref/hyperref.sty
(/usr/share/texlive/texmf-dist/tex/latex/kvsetkeys/kvsetkeys.sty)
(/usr/share/texlive/texmf-dist/tex/generic/kvdefinekeys/kvdefinekeys.sty)
(/usr/share/texlive/texmf-dist/tex/generic/pdfescape/pdfescape.sty
(/usr/share/texlive/texmf-dist/tex/generic/ltxcmds/ltxcmds.sty)
(/usr/share/texlive/texmf-dist/tex/generic/pdftexcmds/pdftexcmds.sty
(/usr/share/texlive/texmf-dist/tex/generic/infwarerr/infwarerr.sty)))
(/usr/share/texlive/texmf-dist/tex/latex/hycolor/hycolor.sty)
(/usr/share/texlive/texmf-dist/tex/latex/hyperref/nameref.sty
(/usr/share/texlive/texmf-dist/tex/latex/refcount/refcount.sty)
(/usr/share/texlive/texmf-dist/tex/generic/gettitlestring/gettitlestring.sty
(/usr/share/texlive/texmf-dist/tex/latex/kvoptions/kvoptions.sty)))
(/usr/share/texlive/texmf-dist/tex/generic/stringenc/stringenc.sty)
(/usr/share/texlive/texmf-dist/tex/latex/hyperref/pd1enc.def)
(/usr/share/texlive/texmf-dist/tex/generic/intcalc/intcalc.sty)
(/usr/share/texlive/texmf-dist/tex/latex/hyperref/puenc.def)
(/usr/share/texlive/texmf-dist/tex/latex/url/url.sty)
(/usr/share/texlive/texmf-dist/tex/generic/bitset/bitset.sty
(/usr/share/texlive/texmf-dist/tex/generic/bigintcalc/bigintcalc.sty))
(/usr/share/texlive/texmf-dist/tex/latex/base/atbegshi-ltx.sty))
(/usr/share/texlive/texmf-dist/tex/latex/hyperref/hpdftex.def
(/usr/share/texlive/texmf-dist/tex/latex/base/atveryend-ltx.sty)
(/usr/share/texlive/texmf-dist/tex/latex/rerunfilecheck/rerunfilecheck.sty
(/usr/share/texlive/texmf-dist/tex/generic/uniquecounter/uniquecounter.sty)))
(/usr/share/texmf/tex/latex/lm/t1lmr.fd)
(/usr/share/texlive/texmf-dist/tex/latex/l3backend/l3backend-pdftex.def)
No file main.aux.
*geometry* driver: auto-detecting
*geometry* detected driver: pdftex
(/usr/share/texlive/texmf-dist/tex/latex/graphics/graphicx.sty
(/usr/share/texlive/texmf-dist/tex/latex/graphics/graphics.sty
(/usr/share/texlive/texmf-dist/tex/latex/graphics/trig.sty)
(/usr/share/texlive/texmf-dist/tex/latex/graphics-cfg/graphics.cfg)))
(/usr/share/texlive/texmf-dist/tex/context/base/mkii/supp-pdf.mkii
[Loading MPS to PDF converter (version 2006.09.02).]
) (/usr/share/texlive/texmf-dist/tex/latex/epstopdf-pkg/epstopdf-base.sty
(/usr/share/texlive/texmf-dist/tex/latex/latexconfig/epstopdf-sys.cfg))
(/usr/share/texlive/texmf-dist/tex/latex/microtype/mt-cmr.cfg)
(/usr/share/texmf/tex/latex/lm/ot1lmr.fd)
(/usr/share/texmf/tex/latex/lm/omllmm.fd)
(/usr/share/texmf/tex/latex/lm/omslmsy.fd)
(/usr/share/texmf/tex/latex/lm/omxlmex.fd)
(/usr/share/texlive/texmf-dist/tex/latex/amsfonts/umsa.fd)
(/usr/share/texlive/texmf-dist/tex/latex/microtype/mt-msa.cfg)
(/usr/share/texlive/texmf-dist/tex/latex/amsfonts/umsb.fd)
(/usr/share/texlive/texmf-dist/tex/latex/microtype/mt-msb.cfg)
(/usr/share/texmf/tex/latex/lm/ot1lmss.fd)
[1{/var/lib/texmf/fonts/map/pdftex/updmap/pdftex.map}{/usr/share/texmf/fonts/en
c/dvips/lm/lm-mathit.enc}{/usr/share/texmf/fonts/enc/dvips/lm/lm-rm.enc}{/usr/s
hare/texmf/fonts/enc/dvips/lm/lm-ec.enc}]
[2{/usr/share/texmf/fonts/enc/dvips/lm/lm-mathsy.enc}]
[3{/usr/share/texmf/fonts/enc/dvips/lm/lm-mathex.enc}]
[4]
No file main.toc.

[5]
[6]

LaTeX Warning: Reference `sec:self-contained-kernel' on page 7 undefined on inp
ut line 314.


LaTeX Warning: Reference `def:context' on page 7 undefined on input line 337.


[7]
[8]

LaTeX Warning: Reference `thm:official-resolution-satisfies-target-adequacy' on
 page 9 undefined on input line 400.


LaTeX Warning: Reference `sec:self-contained-kernel' on page 9 undefined on inp
ut line 422.


LaTeX Warning: Reference `thm:official-resolution-satisfies-target-adequacy' on
 page 9 undefined on input line 422.


[9]

LaTeX Warning: Reference `lem:front-official-resolution-target-adequacy' on pag
e 10 undefined on input line 430.


LaTeX Warning: Citation `GodelNonInstantiability' on page 10 undefined on input
 line 430.


LaTeX Warning: Reference `cor:endpoint-resolution-stable-against-incompleteness
' on page 10 undefined on input line 430.


[10] (/usr/share/texmf/tex/latex/lm/t1lmtt.fd)

LaTeX Warning: Reference `def:standard-encoded-cnf-model' on page 11 undefined 
on input line 497.


LaTeX Warning: Reference `def:encoded-candidate-model-adequacy' on page 11 unde
fined on input line 497.


[11]

LaTeX Warning: Reference `def:cnf-model-of-context' on page 12 undefined on inp
ut line 520.


[12]

LaTeX Warning: Reference `thm:encoded-positive-endpoint-exactness' on page 13 u
ndefined on input line 554.


LaTeX Warning: Reference `def:standard-encoded-cnf-model' on page 13 undefined 
on input line 562.


LaTeX Warning: Reference `subsec:encoded-candidate-model-adequacy' on page 13 u
ndefined on input line 570.


[13]
[14]

LaTeX Warning: Reference `lem:target-adequacy-forces-kernel' on page 15 undefin
ed on input line 618.


LaTeX Warning: Reference `def:target-adequacy' on page 15 undefined on input li
ne 618.


[15]

LaTeX Warning: Reference `def:target-adequacy' on page 16 undefined on input li
ne 634.


LaTeX Warning: Reference `lem:target-adequacy-forces-kernel' on page 16 undefin
ed on input line 640.


[16]
[17]

LaTeX Warning: Reference `thm:standing-reuse' on page 18 undefined on input lin
e 700.


LaTeX Warning: Reference `def:derivable-from-below' on page 18 undefined on inp
ut line 707.


LaTeX Warning: Reference `def:same-regime-faithful-counterexample' on page 18 u
ndefined on input line 707.


[18]

LaTeX Warning: Reference `def:act-identity' on page 19 undefined on input line 
729.


LaTeX Warning: Reference `lem:same-act-repair-impossible' on page 19 undefined 
on input line 753.


[19]

LaTeX Warning: Reference `lem:reference-necessity' on page 20 undefined on inpu
t line 761.


LaTeX Warning: Reference `lem:irreversibility-necessity' on page 20 undefined o
n input line 761.


[20]

LaTeX Warning: Reference `lem:reference-necessity' on page 21 undefined on inpu
t line 791.


LaTeX Warning: Reference `lem:irreversibility-necessity' on page 21 undefined o
n input line 791.


LaTeX Warning: Reference `thm:minimal-assessability-boundary' on page 21 undefi
ned on input line 799.


[21]

LaTeX Warning: Reference `lem:reference-necessity' on page 22 undefined on inpu
t line 807.


LaTeX Warning: Reference `lem:standing-necessity' on page 22 undefined on input
 line 807.


LaTeX Warning: Reference `lem:irreversibility-necessity' on page 22 undefined o
n input line 807.


LaTeX Warning: Reference `lem:same-act-repair-impossible' on page 22 undefined 
on input line 807.


LaTeX Warning: Reference `lem:raw-not-construction' on page 22 undefined on inp
ut line 807.


LaTeX Warning: Reference `lem:reference-necessity' on page 22 undefined on inpu
t line 822.


LaTeX Warning: Reference `lem:standing-necessity' on page 22 undefined on input
 line 822.


LaTeX Warning: Reference `lem:same-act-repair-impossible' on page 22 undefined 
on input line 822.


LaTeX Warning: Reference `lem:irreversibility-necessity' on page 22 undefined o
n input line 822.


[22]

LaTeX Warning: Reference `def:governed-construction' on page 23 undefined on in
put line 841.


LaTeX Warning: Reference `def:governed-construction' on page 23 undefined on in
put line 845.


LaTeX Warning: Reference `thm:minimal-assessability-boundary' on page 23 undefi
ned on input line 845.


LaTeX Warning: Reference `lem:admissibility-joint' on page 23 undefined on inpu
t line 845.


LaTeX Warning: Reference `def:governed-construction' on page 23 undefined on in
put line 849.


LaTeX Warning: Reference `def:governed-construction' on page 23 undefined on in
put line 853.


LaTeX Warning: Reference `thm:construction-forces-kernel' on page 23 undefined 
on input line 853.


LaTeX Warning: Reference `thm:construction-forces-kernel' on page 23 undefined 
on input line 857.


LaTeX Warning: Reference `thm:construction-forces-kernel' on page 23 undefined 
on input line 862.


[23]

LaTeX Warning: Reference `def:derivation' on page 24 undefined on input line 86
9.


[24]
[25]

LaTeX Warning: Reference `def:governed-construction' on page 26 undefined on in
put line 967.


LaTeX Warning: Reference `thm:construction-forces-kernel' on page 26 undefined 
on input line 969.


LaTeX Warning: Reference `def:kernel-respecting' on page 26 undefined on input 
line 983.


LaTeX Warning: Reference `thm:construction-forces-kernel' on page 26 undefined 
on input line 985.


[26]

LaTeX Warning: Reference `thm:definability-not-generation' on page 27 undefined
 on input line 987.


LaTeX Warning: Reference `def:governed-construction' on page 27 undefined on in
put line 1003.


LaTeX Warning: Reference `prop:boundary-closure-forced' on page 27 undefined on
 input line 1003.


[27]

LaTeX Warning: Reference `prop:cross-domain-closure' on page 28 undefined on in
put line 1028.


[28]
[29]

LaTeX Warning: Reference `prop:admissibility-requires-standing' on page 30 unde
fined on input line 1078.


LaTeX Warning: Reference `prop:irreversibility-requires-admissibility' on page 
30 undefined on input line 1078.


LaTeX Warning: Reference `prop:reference-requires-irreversibility' on page 30 u
ndefined on input line 1082.


LaTeX Warning: Reference `prop:irreversibility-requires-admissibility' on page 
30 undefined on input line 1082.


LaTeX Warning: Reference `thm:mutual-closure-kernel' on page 30 undefined on in
put line 1090.


LaTeX Warning: Reference `cor:kernel-non-derivability' on page 30 undefined on 
input line 1090.


LaTeX Warning: Reference `cor:kernel-non-derivability' on page 30 undefined on 
input line 1098.


LaTeX Warning: Reference `def:governed-construction' on page 30 undefined on in
put line 1102.


LaTeX Warning: Reference `thm:construction-forces-kernel' on page 30 undefined 
on input line 1106.


LaTeX Warning: Reference `thm:mutual-closure-kernel' on page 30 undefined on in
put line 1106.


LaTeX Warning: Reference `def:governance-equivalence' on page 30 undefined on i
nput line 1106.


[30]
[31]

LaTeX Warning: Reference `thm:bivalence' on page 32 undefined on input line 115
9.


[32]

LaTeX Warning: Reference `thm:bivalence' on page 33 undefined on input line 117
1.


LaTeX Warning: Reference `thm:ametric' on page 33 undefined on input line 1171.



LaTeX Warning: Reference `thm:standing-reuse' on page 33 undefined on input lin
e 1171.


LaTeX Warning: Reference `thm:bivalence' on page 33 undefined on input line 117
9.


LaTeX Warning: Reference `thm:governance-work-uniqueness' on page 33 undefined 
on input line 1194.


LaTeX Warning: Reference `thm:bivalence' on page 33 undefined on input line 119
4.


LaTeX Warning: Reference `thm:ametric' on page 33 undefined on input line 1194.



LaTeX Warning: Reference `thm:standing-reuse' on page 33 undefined on input lin
e 1194.


LaTeX Warning: Reference `thm:unique-interior' on page 33 undefined on input li
ne 1194.


LaTeX Warning: Reference `thm:conservation' on page 33 undefined on input line 
1194.


[33]

LaTeX Warning: Reference `thm:governance-work-uniqueness' on page 34 undefined 
on input line 1196.


LaTeX Warning: Reference `thm:bivalence' on page 34 undefined on input line 119
6.


LaTeX Warning: Reference `thm:ametric' on page 34 undefined on input line 1196.



LaTeX Warning: Reference `thm:conservation' on page 34 undefined on input line 
1196.


[34]

LaTeX Warning: Reference `thm:scope-preserving-invariance' on page 35 undefined
 on input line 1247.


LaTeX Warning: Reference `thm:transport-closure' on page 35 undefined on input 
line 1247.


LaTeX Warning: Reference `thm:scope-preserving-invariance' on page 35 undefined
 on input line 1255.


[35]

LaTeX Warning: Reference `cor:kernel-non-derivability' on page 36 undefined on 
input line 1281.


LaTeX Warning: Reference `thm:kernel-no-lower-generator' on page 36 undefined o
n input line 1281.


LaTeX Warning: Reference `thm:no-faithful-same-domain-extension' on page 36 und
efined on input line 1283.


LaTeX Warning: Reference `thm:exhaustion-foundational-conditions' on page 36 un
defined on input line 1293.


LaTeX Warning: Reference `thm:construction-forces-kernel' on page 36 undefined 
on input line 1303.


LaTeX Warning: Reference `thm:kernel-no-lower-generator' on page 36 undefined o
n input line 1303.


LaTeX Warning: Reference `thm:regime-invariant' on page 36 undefined on input l
ine 1303.


LaTeX Warning: Reference `thm:no-faithful-same-domain-extension' on page 36 und
efined on input line 1303.


[36]

LaTeX Warning: Reference `thm:construction-forces-kernel' on page 37 undefined 
on input line 1315.


LaTeX Warning: Reference `thm:endpoint-use-governed' on page 37 undefined on in
put line 1355.


LaTeX Warning: Reference `thm:construction-forces-kernel' on page 37 undefined 
on input line 1355.


[37]

LaTeX Warning: Reference `def:derivation' on page 38 undefined on input line 13
67.


LaTeX Warning: Reference `cor:global-presupposition' on page 38 undefined on in
put line 1367.


LaTeX Warning: Reference `def:ordinary-official-endpoint-resolution' on page 38
 undefined on input line 1386.


LaTeX Warning: Reference `def:endpoint-use' on page 38 undefined on input line 
1386.


LaTeX Warning: Reference `thm:ordinary-official-resolution-is-endpoint-use' on 
page 38 undefined on input line 1398.


[38]

LaTeX Warning: Reference `thm:kernel-necessity' on page 39 undefined on input l
ine 1415.


LaTeX Warning: Reference `thm:bivalence' on page 39 undefined on input line 141
5.


LaTeX Warning: Reference `thm:ametric' on page 39 undefined on input line 1415.



LaTeX Warning: Reference `thm:standing-reuse' on page 39 undefined on input lin
e 1415.


LaTeX Warning: Reference `thm:unique-interior' on page 39 undefined on input li
ne 1415.


LaTeX Warning: Reference `thm:conservation' on page 39 undefined on input line 
1415.


LaTeX Warning: Reference `lem:raw-not-construction' on page 39 undefined on inp
ut line 1415.


LaTeX Warning: Reference `prop:cross-domain-closure' on page 39 undefined on in
put line 1415.


LaTeX Warning: Reference `thm:rigidity' on page 39 undefined on input line 1415
.


LaTeX Warning: Reference `lem:no-intermediate-status' on page 39 undefined on i
nput line 1415.


LaTeX Warning: Reference `def:target-adequacy' on page 39 undefined on input li
ne 1424.


[39]

LaTeX Warning: Reference `def:target-adequacy' on page 40 undefined on input li
ne 1445.


LaTeX Warning: Reference `lem:target-adequacy-forces-kernel' on page 40 undefin
ed on input line 1445.


LaTeX Warning: Reference `thm:construction-forces-kernel' on page 40 undefined 
on input line 1445.


LaTeX Warning: Reference `thm:a-plus' on page 40 undefined on input line 1445.


LaTeX Warning: Reference `thm:ordinary-official-resolution-is-endpoint-use' on 
page 40 undefined on input line 1445.


LaTeX Warning: Reference `thm:a-plus' on page 40 undefined on input line 1459.


[40] [41]

LaTeX Warning: Reference `thm:kernel-necessity' on page 42 undefined on input l
ine 1495.


LaTeX Warning: Reference `subsec:encoded-candidate-model-adequacy' on page 42 u
ndefined on input line 1505.


[42]
[43]

LaTeX Warning: Reference `lem:sat-k5-necessity' on page 44 undefined on input l
ine 1567.


LaTeX Warning: Reference `lem:sat-k6-necessity' on page 44 undefined on input l
ine 1567.


LaTeX Warning: Reference `lem:sat-k11-necessity' on page 44 undefined on input 
line 1567.


LaTeX Warning: Reference `lem:sat-k13-necessity' on page 44 undefined on input 
line 1567.


LaTeX Warning: Reference `thm:no-strict-sat-weakening-permits-separator-governa
nce' on page 44 undefined on input line 1575.


[44]

LaTeX Warning: Reference `def:invariant-bundle' on page 45 undefined on input l
ine 1603.


LaTeX Warning: Reference `thm:endpoint-use-governed' on page 45 undefined on in
put line 1611.


LaTeX Warning: Reference `def:endpoint-admissibility-relevance' on page 45 unde
fined on input line 1623.


[45]

LaTeX Warning: Reference `def:endpoint-status-work' on page 46 undefined on inp
ut line 1654.


LaTeX Warning: Reference `thm:endpoint-discriminator-trichotomy' on page 46 und
efined on input line 1654.


LaTeX Warning: Reference `thm:a-plus' on page 46 undefined on input line 1666.


LaTeX Warning: Reference `thm:rigidity' on page 46 undefined on input line 1666
.


[46]

LaTeX Warning: Reference `thm:independent-discriminator-forbidden' on page 47 u
ndefined on input line 1680.


LaTeX Warning: Reference `thm:ordinary-official-resolution-is-endpoint-use' on 
page 47 undefined on input line 1697.


LaTeX Warning: Reference `thm:a-plus' on page 47 undefined on input line 1697.


LaTeX Warning: Reference `thm:independent-discriminator-forbidden' on page 47 u
ndefined on input line 1697.


LaTeX Warning: Reference `cor:aplus-binds-ordinary-official-resolution' on page
 47 undefined on input line 1715.


[47]

LaTeX Warning: Reference `thm:kernel-necessity' on page 48 undefined on input l
ine 1723.


LaTeX Warning: Reference `thm:a-plus' on page 48 undefined on input line 1723.


LaTeX Warning: Reference `thm:ordinary-theoremhood-kernel-internal' on page 48 
undefined on input line 1743.


LaTeX Warning: Reference `thm:negative-theorem-not-defective' on page 48 undefi
ned on input line 1756.


LaTeX Warning: Reference `thm:bare-negative-forces-image' on page 48 undefined 
on input line 1756.


[48]

LaTeX Warning: Reference `thm:negative-theorem-not-defective' on page 49 undefi
ned on input line 1766.


LaTeX Warning: Reference `thm:ordinary-negative-not-discriminator' on page 49 u
ndefined on input line 1766.


LaTeX Warning: Reference `thm:ordinary-theoremhood-not-shield' on page 49 undef
ined on input line 1766.


LaTeX Warning: Reference `def:official-negative-endpoint-resolution' on page 49
 undefined on input line 1766.


LaTeX Warning: Reference `thm:official-negative-theoremhood-endpoint-use' on pa
ge 49 undefined on input line 1766.


LaTeX Warning: Reference `thm:positive-direct-occupation' on page 49 undefined 
on input line 1774.


LaTeX Warning: Reference `thm:ordinary-sat-falsity-role-classified' on page 49 
undefined on input line 1782.


LaTeX Warning: Reference `thm:separator-not-lawful-coequal-role' on page 49 und
efined on input line 1782.


[49]

LaTeX Warning: Reference `def:official-negative-endpoint-resolution' on page 50
 undefined on input line 1804.


LaTeX Warning: Reference `thm:ordinary-official-resolution-is-endpoint-use' on 
page 50 undefined on input line 1804.


LaTeX Warning: Reference `thm:official-negative-theoremhood-endpoint-use' on pa
ge 50 undefined on input line 1812.


LaTeX Warning: Reference `thm:ordinary-official-resolution-is-endpoint-use' on 
page 50 undefined on input line 1812.


LaTeX Warning: Reference `def:official-negative-endpoint-resolution' on page 50
 undefined on input line 1827.


LaTeX Warning: Reference `thm:ordinary-official-resolution-is-endpoint-use' on 
page 50 undefined on input line 1827.


LaTeX Warning: Reference `thm:candidate-image-carrier-adequacy-raw-split' on pa
ge 50 undefined on input line 1827.


LaTeX Warning: Reference `thm:candidate-image-exclusion-to-separator-occupation
' on page 50 undefined on input line 1827.


LaTeX Warning: Reference `thm:sepocc-is-non-positive-status-work' on page 50 un
defined on input line 1827.


[50]

LaTeX Warning: Reference `def:bare' on page 51 undefined on input line 1854.


LaTeX Warning: Reference `thm:bare-complement' on page 51 undefined on input li
ne 1869.


LaTeX Warning: Reference `thm:raw-positive-formal-positive' on page 51 undefine
d on input line 1869.


LaTeX Warning: Reference `def:cnf-model-of-context' on page 51 undefined on inp
ut line 1880.


LaTeX Warning: Reference `subsec:encoded-candidate-model-adequacy' on page 51 u
ndefined on input line 1880.


[51]

LaTeX Warning: Reference `cor:bare-negative-formal' on page 52 undefined on inp
ut line 1914.


[52]

LaTeX Warning: Reference `thm:encoded-positive-endpoint-exactness' on page 53 u
ndefined on input line 1930.


[53]

LaTeX Warning: Reference `thm:bare-negative-standard-lower-bound-form' on page 
54 undefined on input line 2009.


LaTeX Warning: Reference `thm:candidate-image-exclusion-theorem-level-discrimin
ator' on page 54 undefined on input line 2009.


LaTeX Warning: Reference `def:candidate-image-exclusion-use-classification' on 
page 54 undefined on input line 2021.


LaTeX Warning: Reference `thm:official-negative-use-candidate-image-governance'
 on page 54 undefined on input line 2021.


LaTeX Warning: Reference `thm:endpoint-resolving-nongovernance-hidden-fifth-imp
ossible' on page 54 undefined on input line 2021.


[54]

LaTeX Warning: Reference `thm:bare-negative-standard-lower-bound-form' on page 
55 undefined on input line 2034.


LaTeX Warning: Reference `thm:standard-lower-bound-candidate-image-exclusion' o
n page 55 undefined on input line 2034.


LaTeX Warning: Reference `def:image' on page 55 undefined on input line 2061.


[55]
[56]

LaTeX Warning: Reference `lem:deployed-native-lb-official-negative-force' on pa
ge 57 undefined on input line 2113.


LaTeX Warning: Reference `thm:ordinary-official-resolution-is-endpoint-use' on 
page 57 undefined on input line 2113.


LaTeX Warning: Reference `lem:sat-lb-endpoint-impact-vs-bookkeeping' on page 57
 undefined on input line 2121.


[57]

LaTeX Warning: Reference `lem:native-lb-below-endpoint-use' on page 58 undefine
d on input line 2158.


LaTeX Warning: Reference `def:sat-bridge-neutralized-lower-bound' on page 58 un
defined on input line 2158.


LaTeX Warning: Reference `lem:sat-lb-endpoint-impact-vs-bookkeeping' on page 58
 undefined on input line 2158.


LaTeX Warning: Reference `lem:deployed-native-lb-endpoint-use' on page 58 undef
ined on input line 2160.


LaTeX Warning: Reference `lem:endpoint-use-lb-enters-trichotomy' on page 58 und
efined on input line 2160.


LaTeX Warning: Reference `lem:deployed-universal-failure-not-positive-equivalen
t' on page 58 undefined on input line 2160.


LaTeX Warning: Reference `cor:candidate-image-exclusion-not-coequal-occupation'
 on page 58 undefined on input line 2160.


LaTeX Warning: Reference `thm:negative-coequal-requires-interface-change' on pa
ge 58 undefined on input line 2160.


LaTeX Warning: Reference `lem:bridge-neutralized-lb-incompatible-live-exclusion
' on page 58 undefined on input line 2168.


LaTeX Warning: Reference `thm:ordinary-native-lb-falsification-collapse' on pag
e 58 undefined on input line 2172.


LaTeX Warning: Reference `thm:official-negative-theoremhood-endpoint-use' on pa
ge 58 undefined on input line 2179.


[58]

LaTeX Warning: Reference `thm:sat-negative-occupation-exhaustion' on page 59 un
defined on input line 2213.


[59]

LaTeX Warning: Reference `sec:discriminator-discipline' on page 60 undefined on
 input line 2232.


LaTeX Warning: Reference `sec:sat-branch-asymmetry' on page 60 undefined on inp
ut line 2232.


LaTeX Warning: Reference `thm:governed-endpoint-status-bivalence' on page 60 un
defined on input line 2247.


LaTeX Warning: Reference `thm:official-negative-theoremhood-endpoint-use' on pa
ge 60 undefined on input line 2250.


[60]

LaTeX Warning: Reference `def:sepdisc-nosepdisc' on page 61 undefined on input 
line 2276.


LaTeX Warning: Reference `def:sat-endpoint-image-occupation' on page 61 undefin
ed on input line 2299.


LaTeX Warning: Reference `thm:encoded-positive-endpoint-exactness' on page 61 u
ndefined on input line 2299.


LaTeX Warning: Reference `thm:single-occupation-interface-sat' on page 61 undef
ined on input line 2314.


[61]

LaTeX Warning: Reference `def:symmetric-outcome-carrier' on page 62 undefined o
n input line 2329.


LaTeX Warning: Reference `thm:single-occupation-interface-sat' on page 62 undef
ined on input line 2329.


LaTeX Warning: Reference `def:endpoint-admissibility-relevance' on page 62 unde
fined on input line 2345.


LaTeX Warning: Reference `cor:aplus-excludes-independent-endpoint-admrel' on pa
ge 62 undefined on input line 2361.


[62]

LaTeX Warning: Citation `GodelNonInstantiability' on page 63 undefined on input
 line 2369.


LaTeX Warning: Reference `def:endpoint-admissibility-relevance' on page 63 unde
fined on input line 2380.


LaTeX Warning: Citation `GodelNonInstantiability' on page 63 undefined on input
 line 2380.


LaTeX Warning: Reference `thm:endpoint-incompleteness-relevance-standing-trajec
tory' on page 63 undefined on input line 2388.


LaTeX Warning: Citation `GodelNonInstantiability' on page 63 undefined on input
 line 2388.


LaTeX Warning: Reference `cor:aplus-excludes-independent-endpoint-admrel' on pa
ge 63 undefined on input line 2388.


[63]

LaTeX Warning: Reference `def:same-domain-incompleteness-endpoint-objection' on
 page 64 undefined on input line 2396.


LaTeX Warning: Reference `thm:endpoint-incompleteness-relevance-standing-trajec
tory' on page 64 undefined on input line 2396.


LaTeX Warning: Reference `thm:code-predicate-endpoint-objections-hidden-gate-wo
rk' on page 64 undefined on input line 2396.


LaTeX Warning: Citation `GodelNonInstantiability' on page 64 undefined on input
 line 2396.


LaTeX Warning: Citation `GodelNonInstantiability' on page 64 undefined on input
 line 2404.


LaTeX Warning: Reference `thm:single-occupation-interface-sat' on page 64 undef
ined on input line 2421.


LaTeX Warning: Reference `cor:candidate-image-exclusion-not-coequal-occupation'
 on page 64 undefined on input line 2421.


LaTeX Warning: Reference `thm:candidate-image-exclusion-to-separator-occupation
' on page 64 undefined on input line 2421.


LaTeX Warning: Reference `thm:non-positive-status-work-induces-sepdisc' on page
 64 undefined on input line 2421.


LaTeX Warning: Reference `thm:image-separator-requires-independent-discriminato
r' on page 64 undefined on input line 2421.


LaTeX Warning: Reference `thm:no-independent-sat-separator-classifier' on page 
64 undefined on input line 2421.


LaTeX Warning: Reference `thm:no-sepdisc-excludes-sepdisc' on page 64 undefined
 on input line 2421.


[64]

LaTeX Warning: Reference `thm:ordinary-official-resolution-is-endpoint-use' on 
page 65 undefined on input line 2451.


LaTeX Warning: Reference `thm:sat-projection-fixes-endpoint-role-content' on pa
ge 65 undefined on input line 2451.


[65]

LaTeX Warning: Reference `def:projected-negative-role-content' on page 66 undef
ined on input line 2473.


LaTeX Warning: Reference `thm:sat-projection-fixes-endpoint-role-content' on pa
ge 66 undefined on input line 2475.


LaTeX Warning: Reference `thm:single-occupation-interface-sat' on page 66 undef
ined on input line 2475.


LaTeX Warning: Reference `cor:candidate-image-exclusion-not-coequal-occupation'
 on page 66 undefined on input line 2475.


LaTeX Warning: Reference `thm:negative-coequal-requires-interface-change' on pa
ge 66 undefined on input line 2475.


LaTeX Warning: Reference `thm:endpoint-discriminator-trichotomy' on page 66 und
efined on input line 2477.


LaTeX Warning: Reference `thm:negative-coequal-requires-interface-change' on pa
ge 66 undefined on input line 2477.


[66]

LaTeX Warning: Reference `def:non-positive-status-work-sat' on page 67 undefine
d on input line 2500.


LaTeX Warning: Reference `thm:single-occupation-interface-sat' on page 67 undef
ined on input line 2500.


LaTeX Warning: Reference `thm:negative-coequal-requires-interface-change' on pa
ge 67 undefined on input line 2500.


LaTeX Warning: Reference `thm:endpoint-status-work-criterion-independence' on p
age 67 undefined on input line 2500.


LaTeX Warning: Reference `thm:ordinary-official-resolution-is-endpoint-use' on 
page 67 undefined on input line 2521.


LaTeX Warning: Reference `cor:candidate-image-exclusion-not-coequal-occupation'
 on page 67 undefined on input line 2521.


LaTeX Warning: Reference `thm:negative-coequal-requires-interface-change' on pa
ge 67 undefined on input line 2521.


LaTeX Warning: Reference `thm:ordinary-native-lb-falsification-collapse' on pag
e 67 undefined on input line 2523.


LaTeX Warning: Reference `thm:projected-sat-role-exhaustiveness' on page 67 und
efined on input line 2523.


LaTeX Warning: Reference `thm:non-positive-status-work-induces-sepdisc' on page
 67 undefined on input line 2523.


[67]

LaTeX Warning: Reference `thm:single-occupation-interface-sat' on page 68 undef
ined on input line 2545.


LaTeX Warning: Reference `thm:negative-coequal-requires-interface-change' on pa
ge 68 undefined on input line 2545.


LaTeX Warning: Reference `thm:ordinary-native-lb-falsification-collapse' on pag
e 68 undefined on input line 2547.


LaTeX Warning: Reference `thm:projected-sat-role-exhaustiveness' on page 68 und
efined on input line 2547.


LaTeX Warning: Reference `thm:non-positive-status-work-induces-sepdisc' on page
 68 undefined on input line 2547.


LaTeX Warning: Reference `thm:sat-projection-faithfully-carries-outcomes' on pa
ge 68 undefined on input line 2569.


LaTeX Warning: Reference `thm:sat-projection-fixes-endpoint-role-content' on pa
ge 68 undefined on input line 2569.


LaTeX Warning: Reference `thm:ordinary-official-resolution-is-endpoint-use' on 
page 68 undefined on input line 2571.


LaTeX Warning: Reference `cor:official-negative-resolution-through-cnf-sat-nonp
ositive-work' on page 68 undefined on input line 2571.


LaTeX Warning: Reference `thm:non-positive-status-work-induces-sepdisc' on page
 68 undefined on input line 2571.


[68]

LaTeX Warning: Reference `thm:no-stable-nonindependent-classification-projected
-sat' on page 69 undefined on input line 2575.


LaTeX Warning: Reference `thm:ordinary-nonoccupation-not-fifth-role' on page 69
 undefined on input line 2597.


LaTeX Warning: Reference `thm:no-stable-nonindependent-classification-projected
-sat' on page 69 undefined on input line 2597.


[69]

LaTeX Warning: Reference `lem:separator-occupation-contains-candidate-image-exc
lusion' on page 70 undefined on input line 2609.


LaTeX Warning: Reference `cor:candidate-image-exclusion-not-coequal-occupation'
 on page 70 undefined on input line 2609.


LaTeX Warning: Reference `def:image' on page 70 undefined on input line 2609.


LaTeX Warning: Reference `thm:negative-coequal-requires-interface-change' on pa
ge 70 undefined on input line 2609.


LaTeX Warning: Reference `thm:single-occupation-interface-sat' on page 70 undef
ined on input line 2624.


LaTeX Warning: Reference `cor:candidate-image-exclusion-not-coequal-occupation'
 on page 70 undefined on input line 2624.


LaTeX Warning: Reference `thm:negative-coequal-requires-interface-change' on pa
ge 70 undefined on input line 2624.


LaTeX Warning: Reference `thm:sepocc-is-non-positive-status-work' on page 70 un
defined on input line 2624.


LaTeX Warning: Reference `thm:non-positive-status-work-induces-sepdisc' on page
 70 undefined on input line 2624.


LaTeX Warning: Reference `thm:single-occupation-interface-sat' on page 70 undef
ined on input line 2640.


LaTeX Warning: Reference `cor:candidate-image-exclusion-not-coequal-occupation'
 on page 70 undefined on input line 2640.


LaTeX Warning: Reference `thm:negative-coequal-requires-interface-change' on pa
ge 70 undefined on input line 2640.


LaTeX Warning: Reference `thm:sepocc-is-non-positive-status-work' on page 70 un
defined on input line 2640.


[70]

LaTeX Warning: Reference `thm:single-occupation-interface-sat' on page 71 undef
ined on input line 2654.


LaTeX Warning: Reference `thm:sepocc-is-non-positive-status-work' on page 71 un
defined on input line 2654.


LaTeX Warning: Reference `thm:bare-negative-forces-image' on page 71 undefined 
on input line 2670.


LaTeX Warning: Reference `thm:candidate-image-exclusion-to-separator-occupation
' on page 71 undefined on input line 2670.


LaTeX Warning: Reference `thm:image-separator-endpoint-use' on page 71 undefine
d on input line 2670.


LaTeX Warning: Reference `thm:sat-local-bridge-instantiated' on page 71 undefin
ed on input line 2670.


LaTeX Warning: Reference `thm:image-separator-requires-independent-discriminato
r' on page 71 undefined on input line 2670.


LaTeX Warning: Reference `thm:kernel-necessity' on page 71 undefined on input l
ine 2698.


LaTeX Warning: Reference `thm:endpoint-discriminator-trichotomy' on page 71 und
efined on input line 2698.


[71]

LaTeX Warning: Reference `thm:kernel-necessity' on page 72 undefined on input l
ine 2715.


LaTeX Warning: Reference `thm:a-plus' on page 72 undefined on input line 2715.


LaTeX Warning: Reference `thm:sat-sepdisc-endpoint-adm-relevant' on page 72 und
efined on input line 2715.


LaTeX Warning: Reference `prop:boundary-closure-forced' on page 72 undefined on
 input line 2715.


LaTeX Warning: Reference `cor:aplus-excludes-independent-endpoint-admrel' on pa
ge 72 undefined on input line 2715.


LaTeX Warning: Reference `thm:no-independent-sat-separator-classifier' on page 
72 undefined on input line 2715.


LaTeX Warning: Reference `thm:no-sepdisc-excludes-sepdisc' on page 72 undefined
 on input line 2715.


LaTeX Warning: Reference `thm:image-separator-endpoint-use' on page 72 undefine
d on input line 2727.


LaTeX Warning: Reference `lem:separator-occupation-contains-candidate-image-exc
lusion' on page 72 undefined on input line 2727.


LaTeX Warning: Reference `thm:single-interface-not-sufficient-for-endpoint-clos
ure' on page 72 undefined on input line 2727.


LaTeX Warning: Reference `thm:sat-local-bridge-instantiated' on page 72 undefin
ed on input line 2727.


LaTeX Warning: Reference `thm:image-separator-requires-independent-discriminato
r' on page 72 undefined on input line 2727.


LaTeX Warning: Reference `thm:sat-sepdisc-endpoint-adm-relevant' on page 72 und
efined on input line 2727.


LaTeX Warning: Reference `thm:no-independent-sat-separator-classifier' on page 
72 undefined on input line 2727.


LaTeX Warning: Reference `thm:no-sepdisc-excludes-sepdisc' on page 72 undefined
 on input line 2727.


LaTeX Warning: Reference `thm:ordinary-official-negative-sat-resolution-nonposi
tive-status-work' on page 72 undefined on input line 2746.


LaTeX Warning: Reference `thm:bare-negative-forces-image' on page 72 undefined 
on input line 2746.


LaTeX Warning: Reference `thm:candidate-image-exclusion-to-separator-occupation
' on page 72 undefined on input line 2746.


LaTeX Warning: Reference `thm:no-image-sep' on page 72 undefined on input line 
2746.


[72]

LaTeX Warning: Reference `subsec:encoded-candidate-model-adequacy' on page 73 u
ndefined on input line 2779.


LaTeX Warning: Reference `thm:ordinary-native-lb-falsification-collapse' on pag
e 73 undefined on input line 2779.


[73]

LaTeX Warning: Reference `thm:ordinary-native-lb-falsification-collapse' on pag
e 74 undefined on input line 2788.


LaTeX Warning: Reference `thm:no-image-sep' on page 74 undefined on input line 
2792.


LaTeX Warning: Reference `thm:sat-route-locus-exhaustion' on page 74 undefined 
on input line 2796.


LaTeX Warning: Reference `def:bare' on page 74 undefined on input line 2809.


LaTeX Warning: Reference `def:bounded-cnf-clarification' on page 74 undefined o
n input line 2809.


LaTeX Warning: Reference `thm:bare-complement' on page 74 undefined on input li
ne 2819.


[74]

LaTeX Warning: Reference `def:bare' on page 75 undefined on input line 2836.


LaTeX Warning: Reference `thm:encoded-positive-endpoint-exactness' on page 75 u
ndefined on input line 2836.


LaTeX Warning: Reference `thm:single-occupation-interface-sat' on page 75 undef
ined on input line 2836.


LaTeX Warning: Reference `thm:bare-complement' on page 75 undefined on input li
ne 2838.


LaTeX Warning: Reference `thm:encoded-negative-endpoint-exactness' on page 75 u
ndefined on input line 2838.


LaTeX Warning: Reference `def:image' on page 75 undefined on input line 2838.


LaTeX Warning: Reference `thm:standard-lower-bound-candidate-image-exclusion' o
n page 75 undefined on input line 2838.


LaTeX Warning: Reference `thm:candidate-image-carrier-adequacy-raw-split' on pa
ge 75 undefined on input line 2860.


LaTeX Warning: Reference `thm:candidate-image-carrier-adequacy-raw-split' on pa
ge 75 undefined on input line 2860.


[75]

LaTeX Warning: Reference `def:official-cnf-sat-resolution-route' on page 76 und
efined on input line 2868.


LaTeX Warning: Reference `thm:sat-projection-faithfully-carries-outcomes' on pa
ge 76 undefined on input line 2868.


LaTeX Warning: Reference `thm:sat-projection-fixes-endpoint-role-content' on pa
ge 76 undefined on input line 2884.


LaTeX Warning: Reference `thm:ordinary-official-resolution-is-endpoint-use' on 
page 76 undefined on input line 2884.


LaTeX Warning: Reference `cor:candidate-image-exclusion-not-coequal-occupation'
 on page 76 undefined on input line 2884.


LaTeX Warning: Reference `thm:negative-coequal-requires-interface-change' on pa
ge 76 undefined on input line 2884.


LaTeX Warning: Reference `def:non-positive-status-work-sat' on page 76 undefine
d on input line 2884.


[76]

LaTeX Warning: Reference `def:official-sat-endpoint-outcomes' on page 77 undefi
ned on input line 2934.


LaTeX Warning: Reference `def:official-sat-endpoint-outcomes' on page 77 undefi
ned on input line 2949.


[77]

LaTeX Warning: Reference `lem:exact-complement-reductio-annotation-rule' on pag
e 78 undefined on input line 2998.


[78]

LaTeX Warning: Reference `lem:exact-complement-reductio-annotation-rule' on pag
e 79 undefined on input line 3014.


[79]

LaTeX Warning: Reference `def:local-separator-occupation' on page 80 undefined 
on input line 3064.


LaTeX Warning: Reference `lem:local-separator-occupation-contains-candidate-ima
ge-exclusion' on page 80 undefined on input line 3079.


LaTeX Warning: Reference `cor:candidate-image-exclusion-not-coequal-occupation'
 on page 80 undefined on input line 3079.


LaTeX Warning: Reference `thm:negative-coequal-requires-interface-change' on pa
ge 80 undefined on input line 3079.


LaTeX Warning: Reference `thm:local-sepocc-is-non-positive-status-work' on page
 80 undefined on input line 3094.


LaTeX Warning: Reference `thm:non-positive-status-work-induces-sepdisc' on page
 80 undefined on input line 3094.


LaTeX Warning: Reference `thm:sat-sepdisc-endpoint-adm-relevant' on page 80 und
efined on input line 3109.


LaTeX Warning: Reference `thm:no-independent-sat-separator-classifier' on page 
80 undefined on input line 3109.


[80]

LaTeX Warning: Reference `thm:local-sepocc-induces-sepdisc' on page 81 undefine
d on input line 3125.


LaTeX Warning: Reference `thm:local-sepocc-triggers-noindependent' on page 81 u
ndefined on input line 3125.


LaTeX Warning: Reference `thm:no-sepdisc-excludes-sepdisc' on page 81 undefined
 on input line 3125.


LaTeX Warning: Reference `thm:local-sepocc-induces-sepdisc' on page 81 undefine
d on input line 3140.


LaTeX Warning: Reference `thm:local-sepocc-triggers-noindependent' on page 81 u
ndefined on input line 3140.


LaTeX Warning: Reference `thm:no-sepdisc-excludes-sepdisc' on page 81 undefined
 on input line 3140.


LaTeX Warning: Reference `thm:local-counterforce-induces-local-separator-occupa
tion' on page 81 undefined on input line 3155.


LaTeX Warning: Reference `cor:local-sepocc-impossible' on page 81 undefined on 
input line 3155.


LaTeX Warning: Reference `def:endpoint-counterforce' on page 81 undefined on in
put line 3164.


[81]

LaTeX Warning: Reference `lem:exact-complement-reductio-annotation-rule' on pag
e 82 undefined on input line 3186.


LaTeX Warning: Reference `thm:reductio-countercase-yields-local-countercase' on
 page 82 undefined on input line 3186.


LaTeX Warning: Reference `thm:local-countercase-has-endpoint-counterforce' on p
age 82 undefined on input line 3186.


LaTeX Warning: Reference `cor:negative-endpoint-counterforce-excluded' on page 
82 undefined on input line 3186.


LaTeX Warning: Reference `thm:exact-complement-annotation-discharge' on page 82
 undefined on input line 3186.


LaTeX Warning: Reference `thm:local-countercase-contradiction-excludes-raw-nega
tive' on page 82 undefined on input line 3201.


LaTeX Warning: Reference `thm:bare-bivalence' on page 82 undefined on input lin
e 3201.


LaTeX Warning: Reference `thm:candidate-image-carrier-adequacy-raw-split' on pa
ge 82 undefined on input line 3216.


LaTeX Warning: Reference `thm:local-countercase-contradiction-excludes-raw-nega
tive' on page 82 undefined on input line 3216.


LaTeX Warning: Reference `thm:endpoint-closure-derived-not-assumed' on page 82 
undefined on input line 3216.


[82]

LaTeX Warning: Reference `def:context' on page 83 undefined on input line 3231.



LaTeX Warning: Reference `def:cnf-model-of-context' on page 83 undefined on inp
ut line 3231.


LaTeX Warning: Reference `thm:rsat-context' on page 83 undefined on input line 
3242.


LaTeX Warning: Reference `thm:positive' on page 83 undefined on input line 3242
.


LaTeX Warning: Reference `def:bare' on page 83 undefined on input line 3242.


LaTeX Warning: Reference `thm:positive-direct-occupation' on page 83 undefined 
on input line 3269.


LaTeX Warning: Reference `thm:kernel-necessity' on page 83 undefined on input l
ine 3269.


LaTeX Warning: Reference `thm:a-plus' on page 83 undefined on input line 3269.


[83]

LaTeX Warning: Reference `thm:positive' on page 84 undefined on input line 3279
.


LaTeX Warning: Reference `thm:positive-report' on page 84 undefined on input li
ne 3279.


LaTeX Warning: Reference `thm:pos-class' on page 84 undefined on input line 327
9.


LaTeX Warning: Reference `thm:positive-instantiated' on page 84 undefined on in
put line 3303.


LaTeX Warning: Reference `cor:pnp' on page 84 undefined on input line 3303.


[84]
[85]
[86]
[87] [88]
[89]

LaTeX Warning: Reference `thm:endpoint-status-work-adm-relevant' on page 90 und
efined on input line 3434.


LaTeX Warning: Reference `thm:sat-sepdisc-endpoint-adm-relevant' on page 90 und
efined on input line 3434.


LaTeX Warning: Reference `cor:aplus-binds-ordinary-official-resolution' on page
 90 undefined on input line 3434.


LaTeX Warning: Reference `cor:aplus-excludes-independent-endpoint-admrel' on pa
ge 90 undefined on input line 3434.


LaTeX Warning: Reference `subsec:godel-stability-endpoint' on page 90 undefined
 on input line 3434.


LaTeX Warning: Citation `LeanAuditZenodo' on page 90 undefined on input line 34
50.


LaTeX Warning: Citation `LeanAuditGitHub' on page 90 undefined on input line 34
50.


[90]
[91]
[92]
[93]
[94]
[95]
[96]
[97]
[98]
[99]
[100]

LaTeX Warning: Reference `thm:local-countercase-has-endpoint-counterforce' on p
age 101 undefined on input line 4004.


LaTeX Warning: Reference `lem:exact-complement-reductio-annotation-rule' on pag
e 101 undefined on input line 4007.


LaTeX Warning: Reference `thm:exact-complement-annotation-discharge' on page 10
1 undefined on input line 4007.


LaTeX Warning: Reference `def:bounded-cnf-clarification' on page 101 undefined 
on input line 4010.


LaTeX Warning: Reference `thm:negative-theorem-not-defective' on page 101 undef
ined on input line 4012.


LaTeX Warning: Reference `thm:ordinary-sat-falsity-role-classified' on page 101
 undefined on input line 4012.


LaTeX Warning: Reference `thm:ordinary-official-resolution-is-endpoint-use' on 
page 101 undefined on input line 4013.


LaTeX Warning: Reference `thm:ordinary-official-negative-sat-resolution-nonposi
tive-status-work' on page 101 undefined on input line 4014.


LaTeX Warning: Reference `thm:ordinary-native-lb-falsification-collapse' on pag
e 101 undefined on input line 4023.


LaTeX Warning: Reference `thm:projected-sat-role-exhaustiveness' on page 101 un
defined on input line 4023.


LaTeX Warning: Reference `thm:non-positive-status-work-induces-sepdisc' on page
 101 undefined on input line 4023.


LaTeX Warning: Reference `thm:sat-sepdisc-endpoint-adm-relevant' on page 101 un
defined on input line 4023.


LaTeX Warning: Reference `thm:sat-sepdisc-endpoint-adm-relevant' on page 101 un
defined on input line 4024.


LaTeX Warning: Reference `def:endpoint-admissibility-relevance' on page 101 und
efined on input line 4024.


LaTeX Warning: Reference `lem:official-cnf-sat-resolution-exhaustiveness' on pa
ge 101 undefined on input line 4025.


LaTeX Warning: Reference `cor:aplus-binds-ordinary-official-resolution' on page
 101 undefined on input line 4026.

[101] [102] [103]

LaTeX Warning: Reference `thm:ordinary-official-resolution-is-endpoint-use' on 
page 104 undefined on input line 4058.

[104] [105] [106] [107]
[108]
[109] (./main.aux)

LaTeX Warning: There were undefined references.


LaTeX Warning: Label(s) may have changed. Rerun to get cross-references right.


Package rerunfilecheck Warning: File `main.out' has changed.
(rerunfilecheck)                Rerun to get outlines right
(rerunfilecheck)                or use package `bookmark'.

 )</usr/share/texmf/fonts/type1/public/lm/lmbx10.pfb></usr/share/texmf/fonts/ty
pe1/public/lm/lmbx12.pfb></usr/share/texmf/fonts/type1/public/lm/lmex10.pfb></u
sr/share/texmf/fonts/type1/public/lm/lmmi10.pfb></usr/share/texmf/fonts/type1/p
ublic/lm/lmmi12.pfb></usr/share/texmf/fonts/type1/public/lm/lmmi6.pfb></usr/sha
re/texmf/fonts/type1/public/lm/lmmi7.pfb></usr/share/texmf/fonts/type1/public/l
m/lmmi8.pfb></usr/share/texmf/fonts/type1/public/lm/lmmi9.pfb></usr/share/texmf
/fonts/type1/public/lm/lmr10.pfb></usr/share/texmf/fonts/type1/public/lm/lmr12.
pfb></usr/share/texmf/fonts/type1/public/lm/lmr17.pfb></usr/share/texmf/fonts/t
ype1/public/lm/lmr6.pfb></usr/share/texmf/fonts/type1/public/lm/lmr7.pfb></usr/
share/texmf/fonts/type1/public/lm/lmr8.pfb></usr/share/texmf/fonts/type1/public
/lm/lmr9.pfb></usr/share/texmf/fonts/type1/public/lm/lmri10.pfb></usr/share/tex
mf/fonts/type1/public/lm/lmss10.pfb></usr/share/texmf/fonts/type1/public/lm/lms
s8.pfb></usr/share/texmf/fonts/type1/public/lm/lmss9.pfb></usr/share/texmf/font
s/type1/public/lm/lmsy10.pfb></usr/share/texmf/fonts/type1/public/lm/lmsy8.pfb>
</usr/share/texmf/fonts/type1/public/lm/lmsy9.pfb></usr/share/texmf/fonts/type1
/public/lm/lmtt10.pfb></usr/share/texmf/fonts/type1/public/lm/lmtt8.pfb></usr/s
hare/texmf/fonts/type1/public/lm/lmtt9.pfb></usr/share/texmf/fonts/type1/public
/lm/lmtti10.pfb></usr/share/texlive/texmf-dist/fonts/type1/public/amsfonts/symb
ols/msam10.pfb></usr/share/texlive/texmf-dist/fonts/type1/public/amsfonts/symbo
ls/msbm10.pfb>
Output written on main.pdf (109 pages, 901638 bytes).
Transcript written on main.log.
This is pdfTeX, Version 3.141592653-2.6-1.40.26 (TeX Live 2025/dev/Debian) (preloaded format=pdflatex)
 restricted \write18 enabled.
entering extended mode
(./main.tex
LaTeX2e <2024-11-01> patch level 2
L3 programming layer <2025-01-18>
(/usr/share/texlive/texmf-dist/tex/latex/base/article.cls
Document Class: article 2024/06/29 v1.4n Standard LaTeX document class
(/usr/share/texlive/texmf-dist/tex/latex/base/size11.clo))
(/usr/share/texlive/texmf-dist/tex/latex/geometry/geometry.sty
(/usr/share/texlive/texmf-dist/tex/latex/graphics/keyval.sty)
(/usr/share/texlive/texmf-dist/tex/generic/iftex/ifvtex.sty
(/usr/share/texlive/texmf-dist/tex/generic/iftex/iftex.sty)))
(/usr/share/texlive/texmf-dist/tex/latex/amsmath/amsmath.sty
For additional information on amsmath, use the `?' option.
(/usr/share/texlive/texmf-dist/tex/latex/amsmath/amstext.sty
(/usr/share/texlive/texmf-dist/tex/latex/amsmath/amsgen.sty))
(/usr/share/texlive/texmf-dist/tex/latex/amsmath/amsbsy.sty)
(/usr/share/texlive/texmf-dist/tex/latex/amsmath/amsopn.sty))
(/usr/share/texlive/texmf-dist/tex/latex/amsfonts/amssymb.sty
(/usr/share/texlive/texmf-dist/tex/latex/amsfonts/amsfonts.sty))
(/usr/share/texlive/texmf-dist/tex/latex/amscls/amsthm.sty)
(/usr/share/texlive/texmf-dist/tex/latex/mathtools/mathtools.sty
(/usr/share/texlive/texmf-dist/tex/latex/tools/calc.sty)
(/usr/share/texlive/texmf-dist/tex/latex/mathtools/mhsetup.sty))
(/usr/share/texlive/texmf-dist/tex/latex/tools/array.sty)
(/usr/share/texlive/texmf-dist/tex/latex/booktabs/booktabs.sty)
(/usr/share/texlive/texmf-dist/tex/latex/tools/longtable.sty)
(/usr/share/texlive/texmf-dist/tex/latex/tools/tabularx.sty)
(/usr/share/texlive/texmf-dist/tex/latex/enumitem/enumitem.sty)
(/usr/share/texlive/texmf-dist/tex/latex/xcolor/xcolor.sty
(/usr/share/texlive/texmf-dist/tex/latex/graphics-cfg/color.cfg)
(/usr/share/texlive/texmf-dist/tex/latex/graphics-def/pdftex.def)
(/usr/share/texlive/texmf-dist/tex/latex/graphics/mathcolor.ltx))
(/usr/share/texlive/texmf-dist/tex/latex/listings/listings.sty
(/usr/share/texlive/texmf-dist/tex/latex/listings/lstpatch.sty)
(/usr/share/texlive/texmf-dist/tex/latex/listings/lstmisc.sty)
(/usr/share/texlive/texmf-dist/tex/latex/listings/listings.cfg))
(/usr/share/texlive/texmf-dist/tex/latex/seqsplit/seqsplit.sty)
(/usr/share/texlive/texmf-dist/tex/latex/microtype/microtype.sty
(/usr/share/texlive/texmf-dist/tex/latex/etoolbox/etoolbox.sty)
(/usr/share/texlive/texmf-dist/tex/latex/microtype/microtype-pdftex.def)
(/usr/share/texlive/texmf-dist/tex/latex/microtype/microtype.cfg))
(/usr/share/texlive/texmf-dist/tex/latex/base/fontenc.sty)
(/usr/share/texmf/tex/latex/lm/lmodern.sty)
(/usr/share/texlive/texmf-dist/tex/latex/hyperref/hyperref.sty
(/usr/share/texlive/texmf-dist/tex/latex/kvsetkeys/kvsetkeys.sty)
(/usr/share/texlive/texmf-dist/tex/generic/kvdefinekeys/kvdefinekeys.sty)
(/usr/share/texlive/texmf-dist/tex/generic/pdfescape/pdfescape.sty
(/usr/share/texlive/texmf-dist/tex/generic/ltxcmds/ltxcmds.sty)
(/usr/share/texlive/texmf-dist/tex/generic/pdftexcmds/pdftexcmds.sty
(/usr/share/texlive/texmf-dist/tex/generic/infwarerr/infwarerr.sty)))
(/usr/share/texlive/texmf-dist/tex/latex/hycolor/hycolor.sty)
(/usr/share/texlive/texmf-dist/tex/latex/hyperref/nameref.sty
(/usr/share/texlive/texmf-dist/tex/latex/refcount/refcount.sty)
(/usr/share/texlive/texmf-dist/tex/generic/gettitlestring/gettitlestring.sty
(/usr/share/texlive/texmf-dist/tex/latex/kvoptions/kvoptions.sty)))
(/usr/share/texlive/texmf-dist/tex/generic/stringenc/stringenc.sty)
(/usr/share/texlive/texmf-dist/tex/latex/hyperref/pd1enc.def)
(/usr/share/texlive/texmf-dist/tex/generic/intcalc/intcalc.sty)
(/usr/share/texlive/texmf-dist/tex/latex/hyperref/puenc.def)
(/usr/share/texlive/texmf-dist/tex/latex/url/url.sty)
(/usr/share/texlive/texmf-dist/tex/generic/bitset/bitset.sty
(/usr/share/texlive/texmf-dist/tex/generic/bigintcalc/bigintcalc.sty))
(/usr/share/texlive/texmf-dist/tex/latex/base/atbegshi-ltx.sty))
(/usr/share/texlive/texmf-dist/tex/latex/hyperref/hpdftex.def
(/usr/share/texlive/texmf-dist/tex/latex/base/atveryend-ltx.sty)
(/usr/share/texlive/texmf-dist/tex/latex/rerunfilecheck/rerunfilecheck.sty
(/usr/share/texlive/texmf-dist/tex/generic/uniquecounter/uniquecounter.sty)))
(/usr/share/texmf/tex/latex/lm/t1lmr.fd)
(/usr/share/texlive/texmf-dist/tex/latex/l3backend/l3backend-pdftex.def)
(./main.aux)
*geometry* driver: auto-detecting
*geometry* detected driver: pdftex
(/usr/share/texlive/texmf-dist/tex/latex/graphics/graphicx.sty
(/usr/share/texlive/texmf-dist/tex/latex/graphics/graphics.sty
(/usr/share/texlive/texmf-dist/tex/latex/graphics/trig.sty)
(/usr/share/texlive/texmf-dist/tex/latex/graphics-cfg/graphics.cfg)))
(/usr/share/texlive/texmf-dist/tex/context/base/mkii/supp-pdf.mkii
[Loading MPS to PDF converter (version 2006.09.02).]
) (/usr/share/texlive/texmf-dist/tex/latex/epstopdf-pkg/epstopdf-base.sty
(/usr/share/texlive/texmf-dist/tex/latex/latexconfig/epstopdf-sys.cfg))
(/usr/share/texlive/texmf-dist/tex/latex/microtype/mt-cmr.cfg) (./main.out)
(./main.out) (/usr/share/texmf/tex/latex/lm/ot1lmr.fd)
(/usr/share/texmf/tex/latex/lm/omllmm.fd)
(/usr/share/texmf/tex/latex/lm/omslmsy.fd)
(/usr/share/texmf/tex/latex/lm/omxlmex.fd)
(/usr/share/texlive/texmf-dist/tex/latex/amsfonts/umsa.fd)
(/usr/share/texlive/texmf-dist/tex/latex/microtype/mt-msa.cfg)
(/usr/share/texlive/texmf-dist/tex/latex/amsfonts/umsb.fd)
(/usr/share/texlive/texmf-dist/tex/latex/microtype/mt-msb.cfg)
(/usr/share/texmf/tex/latex/lm/ot1lmss.fd)
[1{/var/lib/texmf/fonts/map/pdftex/updmap/pdftex.map}{/usr/share/texmf/fonts/en
c/dvips/lm/lm-mathit.enc}{/usr/share/texmf/fonts/enc/dvips/lm/lm-rm.enc}{/usr/s
hare/texmf/fonts/enc/dvips/lm/lm-ec.enc}]
[2{/usr/share/texmf/fonts/enc/dvips/lm/lm-mathsy.enc}]
[3{/usr/share/texmf/fonts/enc/dvips/lm/lm-mathex.enc}]
[4] (./main.toc
[5]
[6])
[7]
[8]
[9]
[10]
[11]
[12] (/usr/share/texmf/tex/latex/lm/t1lmtt.fd)
[13]
[14]
[15]
[16]
[17]
[18]
[19]
[20]
[21]
[22]
[23]
[24]
[25]
[26]
[27]
[28]
[29]
[30]
[31]
[32]
[33]
[34]
[35]
[36]
[37]
[38]
[39]
[40]
[41]
[42] [43]
[44]
[45]
[46]
[47]
[48]
[49]
[50]
[51]
[52]
[53]
[54]
[55]
[56]
[57]
[58]
[59]
[60]
[61]
[62]
[63]
[64]
[65]
[66]
[67]
[68]
[69]
[70]
[71]
[72]
[73]
[74]
[75]
[76]
[77]
[78]
[79]
[80]
[81]
[82]
[83]
[84]
[85]
[86]
[87]
[88]
[89] [90]
[91]
[92]
[93]
[94]
[95]
[96]
[97]
[98]
[99]
[100]
[101]
[102] [103] [104] [105]
[106] [107] [108] [109]
[110]
[111] (./main.aux)

LaTeX Warning: Label(s) may have changed. Rerun to get cross-references right.

 )</usr/share/texmf/fonts/type1/public/lm/lmbx10.pfb></usr/share/texmf/fonts/ty
pe1/public/lm/lmbx12.pfb></usr/share/texmf/fonts/type1/public/lm/lmex10.pfb></u
sr/share/texmf/fonts/type1/public/lm/lmmi10.pfb></usr/share/texmf/fonts/type1/p
ublic/lm/lmmi12.pfb></usr/share/texmf/fonts/type1/public/lm/lmmi6.pfb></usr/sha
re/texmf/fonts/type1/public/lm/lmmi7.pfb></usr/share/texmf/fonts/type1/public/l
m/lmmi8.pfb></usr/share/texmf/fonts/type1/public/lm/lmmi9.pfb></usr/share/texmf
/fonts/type1/public/lm/lmr10.pfb></usr/share/texmf/fonts/type1/public/lm/lmr12.
pfb></usr/share/texmf/fonts/type1/public/lm/lmr17.pfb></usr/share/texmf/fonts/t
ype1/public/lm/lmr6.pfb></usr/share/texmf/fonts/type1/public/lm/lmr7.pfb></usr/
share/texmf/fonts/type1/public/lm/lmr8.pfb></usr/share/texmf/fonts/type1/public
/lm/lmr9.pfb></usr/share/texmf/fonts/type1/public/lm/lmri10.pfb></usr/share/tex
mf/fonts/type1/public/lm/lmss10.pfb></usr/share/texmf/fonts/type1/public/lm/lms
s8.pfb></usr/share/texmf/fonts/type1/public/lm/lmss9.pfb></usr/share/texmf/font
s/type1/public/lm/lmsy10.pfb></usr/share/texmf/fonts/type1/public/lm/lmsy8.pfb>
</usr/share/texmf/fonts/type1/public/lm/lmsy9.pfb></usr/share/texmf/fonts/type1
/public/lm/lmtt10.pfb></usr/share/texmf/fonts/type1/public/lm/lmtt8.pfb></usr/s
hare/texmf/fonts/type1/public/lm/lmtt9.pfb></usr/share/texmf/fonts/type1/public
/lm/lmtti10.pfb></usr/share/texlive/texmf-dist/fonts/type1/public/amsfonts/symb
ols/msam10.pfb></usr/share/texlive/texmf-dist/fonts/type1/public/amsfonts/symbo
ls/msbm10.pfb>
Output written on main.pdf (111 pages, 923807 bytes).
Transcript written on main.log.
This is pdfTeX, Version 3.141592653-2.6-1.40.26 (TeX Live 2025/dev/Debian) (preloaded format=pdflatex)
 restricted \write18 enabled.
entering extended mode
(./main.tex
LaTeX2e <2024-11-01> patch level 2
L3 programming layer <2025-01-18>
(/usr/share/texlive/texmf-dist/tex/latex/base/article.cls
Document Class: article 2024/06/29 v1.4n Standard LaTeX document class
(/usr/share/texlive/texmf-dist/tex/latex/base/size11.clo))
(/usr/share/texlive/texmf-dist/tex/latex/geometry/geometry.sty
(/usr/share/texlive/texmf-dist/tex/latex/graphics/keyval.sty)
(/usr/share/texlive/texmf-dist/tex/generic/iftex/ifvtex.sty
(/usr/share/texlive/texmf-dist/tex/generic/iftex/iftex.sty)))
(/usr/share/texlive/texmf-dist/tex/latex/amsmath/amsmath.sty
For additional information on amsmath, use the `?' option.
(/usr/share/texlive/texmf-dist/tex/latex/amsmath/amstext.sty
(/usr/share/texlive/texmf-dist/tex/latex/amsmath/amsgen.sty))
(/usr/share/texlive/texmf-dist/tex/latex/amsmath/amsbsy.sty)
(/usr/share/texlive/texmf-dist/tex/latex/amsmath/amsopn.sty))
(/usr/share/texlive/texmf-dist/tex/latex/amsfonts/amssymb.sty
(/usr/share/texlive/texmf-dist/tex/latex/amsfonts/amsfonts.sty))
(/usr/share/texlive/texmf-dist/tex/latex/amscls/amsthm.sty)
(/usr/share/texlive/texmf-dist/tex/latex/mathtools/mathtools.sty
(/usr/share/texlive/texmf-dist/tex/latex/tools/calc.sty)
(/usr/share/texlive/texmf-dist/tex/latex/mathtools/mhsetup.sty))
(/usr/share/texlive/texmf-dist/tex/latex/tools/array.sty)
(/usr/share/texlive/texmf-dist/tex/latex/booktabs/booktabs.sty)
(/usr/share/texlive/texmf-dist/tex/latex/tools/longtable.sty)
(/usr/share/texlive/texmf-dist/tex/latex/tools/tabularx.sty)
(/usr/share/texlive/texmf-dist/tex/latex/enumitem/enumitem.sty)
(/usr/share/texlive/texmf-dist/tex/latex/xcolor/xcolor.sty
(/usr/share/texlive/texmf-dist/tex/latex/graphics-cfg/color.cfg)
(/usr/share/texlive/texmf-dist/tex/latex/graphics-def/pdftex.def)
(/usr/share/texlive/texmf-dist/tex/latex/graphics/mathcolor.ltx))
(/usr/share/texlive/texmf-dist/tex/latex/listings/listings.sty
(/usr/share/texlive/texmf-dist/tex/latex/listings/lstpatch.sty)
(/usr/share/texlive/texmf-dist/tex/latex/listings/lstmisc.sty)
(/usr/share/texlive/texmf-dist/tex/latex/listings/listings.cfg))
(/usr/share/texlive/texmf-dist/tex/latex/seqsplit/seqsplit.sty)
(/usr/share/texlive/texmf-dist/tex/latex/microtype/microtype.sty
(/usr/share/texlive/texmf-dist/tex/latex/etoolbox/etoolbox.sty)
(/usr/share/texlive/texmf-dist/tex/latex/microtype/microtype-pdftex.def)
(/usr/share/texlive/texmf-dist/tex/latex/microtype/microtype.cfg))
(/usr/share/texlive/texmf-dist/tex/latex/base/fontenc.sty)
(/usr/share/texmf/tex/latex/lm/lmodern.sty)
(/usr/share/texlive/texmf-dist/tex/latex/hyperref/hyperref.sty
(/usr/share/texlive/texmf-dist/tex/latex/kvsetkeys/kvsetkeys.sty)
(/usr/share/texlive/texmf-dist/tex/generic/kvdefinekeys/kvdefinekeys.sty)
(/usr/share/texlive/texmf-dist/tex/generic/pdfescape/pdfescape.sty
(/usr/share/texlive/texmf-dist/tex/generic/ltxcmds/ltxcmds.sty)
(/usr/share/texlive/texmf-dist/tex/generic/pdftexcmds/pdftexcmds.sty
(/usr/share/texlive/texmf-dist/tex/generic/infwarerr/infwarerr.sty)))
(/usr/share/texlive/texmf-dist/tex/latex/hycolor/hycolor.sty)
(/usr/share/texlive/texmf-dist/tex/latex/hyperref/nameref.sty
(/usr/share/texlive/texmf-dist/tex/latex/refcount/refcount.sty)
(/usr/share/texlive/texmf-dist/tex/generic/gettitlestring/gettitlestring.sty
(/usr/share/texlive/texmf-dist/tex/latex/kvoptions/kvoptions.sty)))
(/usr/share/texlive/texmf-dist/tex/generic/stringenc/stringenc.sty)
(/usr/share/texlive/texmf-dist/tex/latex/hyperref/pd1enc.def)
(/usr/share/texlive/texmf-dist/tex/generic/intcalc/intcalc.sty)
(/usr/share/texlive/texmf-dist/tex/latex/hyperref/puenc.def)
(/usr/share/texlive/texmf-dist/tex/latex/url/url.sty)
(/usr/share/texlive/texmf-dist/tex/generic/bitset/bitset.sty
(/usr/share/texlive/texmf-dist/tex/generic/bigintcalc/bigintcalc.sty))
(/usr/share/texlive/texmf-dist/tex/latex/base/atbegshi-ltx.sty))
(/usr/share/texlive/texmf-dist/tex/latex/hyperref/hpdftex.def
(/usr/share/texlive/texmf-dist/tex/latex/base/atveryend-ltx.sty)
(/usr/share/texlive/texmf-dist/tex/latex/rerunfilecheck/rerunfilecheck.sty
(/usr/share/texlive/texmf-dist/tex/generic/uniquecounter/uniquecounter.sty)))
(/usr/share/texmf/tex/latex/lm/t1lmr.fd)
(/usr/share/texlive/texmf-dist/tex/latex/l3backend/l3backend-pdftex.def)
(./main.aux)
*geometry* driver: auto-detecting
*geometry* detected driver: pdftex
(/usr/share/texlive/texmf-dist/tex/latex/graphics/graphicx.sty
(/usr/share/texlive/texmf-dist/tex/latex/graphics/graphics.sty
(/usr/share/texlive/texmf-dist/tex/latex/graphics/trig.sty)
(/usr/share/texlive/texmf-dist/tex/latex/graphics-cfg/graphics.cfg)))
(/usr/share/texlive/texmf-dist/tex/context/base/mkii/supp-pdf.mkii
[Loading MPS to PDF converter (version 2006.09.02).]
) (/usr/share/texlive/texmf-dist/tex/latex/epstopdf-pkg/epstopdf-base.sty
(/usr/share/texlive/texmf-dist/tex/latex/latexconfig/epstopdf-sys.cfg))
(/usr/share/texlive/texmf-dist/tex/latex/microtype/mt-cmr.cfg) (./main.out)
(./main.out) (/usr/share/texmf/tex/latex/lm/ot1lmr.fd)
(/usr/share/texmf/tex/latex/lm/omllmm.fd)
(/usr/share/texmf/tex/latex/lm/omslmsy.fd)
(/usr/share/texmf/tex/latex/lm/omxlmex.fd)
(/usr/share/texlive/texmf-dist/tex/latex/amsfonts/umsa.fd)
(/usr/share/texlive/texmf-dist/tex/latex/microtype/mt-msa.cfg)
(/usr/share/texlive/texmf-dist/tex/latex/amsfonts/umsb.fd)
(/usr/share/texlive/texmf-dist/tex/latex/microtype/mt-msb.cfg)
(/usr/share/texmf/tex/latex/lm/ot1lmss.fd)
[1{/var/lib/texmf/fonts/map/pdftex/updmap/pdftex.map}{/usr/share/texmf/fonts/en
c/dvips/lm/lm-mathit.enc}{/usr/share/texmf/fonts/enc/dvips/lm/lm-rm.enc}{/usr/s
hare/texmf/fonts/enc/dvips/lm/lm-ec.enc}]
[2{/usr/share/texmf/fonts/enc/dvips/lm/lm-mathsy.enc}]
[3{/usr/share/texmf/fonts/enc/dvips/lm/lm-mathex.enc}]
[4] (./main.toc
[5]
[6])
[7]
[8]
[9]
[10]
[11]
[12] (/usr/share/texmf/tex/latex/lm/t1lmtt.fd)
[13]
[14]
[15]
[16]
[17]
[18]
[19]
[20]
[21]
[22]
[23]
[24]
[25]
[26]
[27]
[28]
[29]
[30]
[31]
[32]
[33]
[34]
[35]
[36]
[37]
[38]
[39]
[40]
[41]
[42] [43]
[44]
[45]
[46]
[47]
[48]
[49]
[50]
[51]
[52]
[53]
[54]
[55]
[56]
[57]
[58]
[59]
[60]
[61]
[62]
[63]
[64]
[65]
[66]
[67]
[68]
[69]
[70]
[71]
[72]
[73]
[74]
[75]
[76]
[77]
[78]
[79]
[80]
[81]
[82]
[83]
[84]
[85]
[86]
[87]
[88]
[89] [90]
[91]
[92]
[93]
[94]
[95]
[96]
[97]
[98]
[99]
[100]
[101]
[102] [103] [104] [105]
[106] [107] [108] [109]
[110]
[111] (./main.aux) )</usr/share/texmf/fonts/type1/public/lm/lmbx10.pfb></usr/sh
are/texmf/fonts/type1/public/lm/lmbx12.pfb></usr/share/texmf/fonts/type1/public
/lm/lmex10.pfb></usr/share/texmf/fonts/type1/public/lm/lmmi10.pfb></usr/share/t
exmf/fonts/type1/public/lm/lmmi12.pfb></usr/share/texmf/fonts/type1/public/lm/l
mmi6.pfb></usr/share/texmf/fonts/type1/public/lm/lmmi7.pfb></usr/share/texmf/fo
nts/type1/public/lm/lmmi8.pfb></usr/share/texmf/fonts/type1/public/lm/lmmi9.pfb
></usr/share/texmf/fonts/type1/public/lm/lmr10.pfb></usr/share/texmf/fonts/type
1/public/lm/lmr12.pfb></usr/share/texmf/fonts/type1/public/lm/lmr17.pfb></usr/s
hare/texmf/fonts/type1/public/lm/lmr6.pfb></usr/share/texmf/fonts/type1/public/
lm/lmr7.pfb></usr/share/texmf/fonts/type1/public/lm/lmr8.pfb></usr/share/texmf/
fonts/type1/public/lm/lmr9.pfb></usr/share/texmf/fonts/type1/public/lm/lmri10.p
fb></usr/share/texmf/fonts/type1/public/lm/lmss10.pfb></usr/share/texmf/fonts/t
ype1/public/lm/lmss8.pfb></usr/share/texmf/fonts/type1/public/lm/lmss9.pfb></us
r/share/texmf/fonts/type1/public/lm/lmsy10.pfb></usr/share/texmf/fonts/type1/pu
blic/lm/lmsy8.pfb></usr/share/texmf/fonts/type1/public/lm/lmsy9.pfb></usr/share
/texmf/fonts/type1/public/lm/lmtt10.pfb></usr/share/texmf/fonts/type1/public/lm
/lmtt8.pfb></usr/share/texmf/fonts/type1/public/lm/lmtt9.pfb></usr/share/texmf/
fonts/type1/public/lm/lmtti10.pfb></usr/share/texlive/texmf-dist/fonts/type1/pu
blic/amsfonts/symbols/msam10.pfb></usr/share/texlive/texmf-dist/fonts/type1/pub
lic/amsfonts/symbols/msbm10.pfb>
Output written on main.pdf (111 pages, 923810 bytes).
Transcript written on main.log.
